build/app/outputs/mapping/release/seeds.txt
com.google.android.gms.internal.firebase-auth-api.zzpb: java.lang.String zzd
com.google.firebase.inappmessaging.MessagesProto$CardMessage: int LANDSCAPE_IMAGE_URL_FIELD_NUMBER
com.google.android.gms.internal.measurement.zzek: com.google.android.gms.internal.measurement.zzer zzi
com.google.android.gms.ads.internal.client.zzez: android.os.Parcelable$Creator CREATOR
com.google.android.gms.internal.ads.zzcgv: android.os.Parcelable$Creator CREATOR
androidx.window.layout.ExtensionWindowLayoutInfoBackend$MulticastConsumer: java.util.Set registeredListeners
com.google.android.gms.internal.firebase-auth-api.zzzp: android.os.Parcelable$Creator CREATOR
com.dexterous.flutterlocalnotifications.models.NotificationDetails: java.lang.String BIG_TEXT
com.google.android.gms.internal.ads.zzbfb: com.google.android.gms.internal.ads.zzbft zzi
com.google.android.gms.internal.ads.zzbgv: int zzf
com.dexterous.flutterlocalnotifications.NotificationStyle: com.dexterous.flutterlocalnotifications.NotificationStyle BigText
com.google.firestore.v1.TargetChange: com.google.protobuf.ByteString resumeToken_
com.google.android.gms.internal.ads.zzgwe: int zzg
androidx.window.layout.FoldingFeature$OcclusionType: androidx.window.layout.FoldingFeature$OcclusionType FULL
androidx.window.embedding.ActivityStack: java.util.List activities
com.google.firestore.v1.Target: int targetTypeCase_
com.google.firestore.v1.WriteRequest: java.lang.String streamId_
androidx.window.layout.WindowInfoTrackerImpl$windowLayoutInfo$1: java.lang.Object L$2
com.google.android.gms.internal.ads.zzgux: com.google.android.gms.internal.ads.zzgrn zzi
com.google.android.gms.internal.ads.zzgmy: int zze
com.google.firestore.v1.StructuredQuery$FieldReference: com.google.firestore.v1.StructuredQuery$FieldReference DEFAULT_INSTANCE
com.google.protobuf.GeneratedMessageLite: int MEMOIZED_SERIALIZED_SIZE_MASK
com.dexterous.flutterlocalnotifications.models.NotificationDetails: java.lang.Object largeIcon
com.google.android.gms.internal.firebase-auth-api.zzabc: android.os.Parcelable$Creator CREATOR
com.google.firestore.v1.DocumentDelete: int READ_TIME_FIELD_NUMBER
com.google.android.gms.internal.ads.zzama: long zzn
com.google.firestore.v1.Precondition: int EXISTS_FIELD_NUMBER
com.google.android.gms.ads.internal.client.zzu: android.os.Parcelable$Creator CREATOR
com.google.firestore.v1.DocumentDelete: com.google.firestore.v1.DocumentDelete DEFAULT_INSTANCE
com.google.android.gms.internal.firebase-auth-api.zzkr: com.google.android.gms.internal.firebase-auth-api.zzkr zzb
com.dexterous.flutterlocalnotifications.models.NotificationDetails: java.lang.String DATA_URI
com.google.firestore.v1.Write: com.google.firestore.v1.Precondition currentDocument_
com.google.android.gms.internal.measurement.zzet: com.google.android.gms.internal.measurement.zzet zza
com.google.firebase.firestore.proto.Target: com.google.firebase.firestore.proto.Target DEFAULT_INSTANCE
com.dexterous.flutterlocalnotifications.models.NotificationChannelGroupDetails: java.lang.String id
com.google.android.gms.internal.ads.zzgux: boolean zzt
com.google.firebase.inappmessaging.ExperimentPayloadProto$ExperimentPayload: long timeToLiveMillis_
com.google.android.gms.internal.ads.zzbft: com.google.android.gms.internal.ads.zzgrn zzg
com.google.android.gms.internal.measurement.zzfj: java.lang.String zze
com.google.android.gms.internal.firebase-auth-api.zznx: java.lang.String zzd
com.google.android.gms.internal.ads.zzbhf: com.google.android.gms.internal.ads.zzbhh zzp
com.google.firestore.v1.Target: boolean once_
com.google.firestore.admin.v1.Index: com.google.protobuf.Internal$ProtobufList fields_
com.dexterous.flutterlocalnotifications.FlutterLocalNotificationsPlugin: java.lang.String ARE_NOTIFICATIONS_ENABLED_METHOD
com.google.android.gms.internal.ads.zzbga: int zzf
com.google.android.gms.internal.ads.zzgwm: int zze
io.flutter.plugin.editing.ImeSyncDeferringInsetsCallback: boolean needsSave