build/app/outputs/mapping/release/usage.txt
com.google.android.gms.internal.ads.zzbhg:
    private void <init>()
com.google.android.gms.internal.ads.zzbhi:
    private void <init>()
com.google.android.gms.internal.ads.zzbhk:
    private void <init>()
com.google.android.gms.internal.ads.zzbhm:
    private void <init>()
com.google.android.gms.internal.ads.zzbhq:
    private void <init>()
com.google.android.gms.internal.ads.zzbhs:
    private void <init>()
com.google.android.gms.internal.ads.zzbhu:
    private void <init>()
com.google.android.gms.internal.ads.zzbhx:
    private void <init>()
com.google.android.gms.internal.ads.zzbhz:
    private void <init>()
com.google.android.gms.internal.ads.zzbib:
    private void <init>()
com.google.android.gms.internal.ads.zzbid:
    private void <init>()
com.google.android.gms.internal.ads.zzbif:
    private void <init>()
com.google.android.gms.internal.ads.zzbih:
    private void <init>()
com.google.android.gms.internal.ads.zzblx:
    public final java.util.List getImages()
    public final java.lang.CharSequence getText()
com.google.android.gms.internal.ads.zzbly
com.google.android.gms.internal.ads.zzblz:
    public final float zze()
    public final float zzf()
    public final float zzg()
    public final com.google.android.gms.ads.internal.client.zzdk zzh()
    public final void zzj(com.google.android.gms.dynamic.IObjectWrapper)
    public final boolean zzk()
    public final void zzl(com.google.android.gms.internal.ads.zzbnm)
com.google.android.gms.internal.ads.zzbmg
com.google.android.gms.internal.ads.zzbmh:
    public static com.google.android.gms.internal.ads.zzbmi zzbB(android.os.IBinder)
com.google.android.gms.internal.ads.zzbmj:
    public final android.os.IBinder zze(com.google.android.gms.dynamic.IObjectWrapper,com.google.android.gms.dynamic.IObjectWrapper,com.google.android.gms.dynamic.IObjectWrapper,int)
com.google.android.gms.internal.ads.zzbmk
com.google.android.gms.internal.ads.zzbml:
    public abstract android.os.IBinder zze(com.google.android.gms.dynamic.IObjectWrapper,com.google.android.gms.dynamic.IObjectWrapper,com.google.android.gms.dynamic.IObjectWrapper,int)
com.google.android.gms.internal.ads.zzbmm
com.google.android.gms.internal.ads.zzbmn:
    public static com.google.android.gms.internal.ads.zzbmo zze(android.os.IBinder)
com.google.android.gms.internal.ads.zzbmp:
    public final android.os.IBinder zze(com.google.android.gms.dynamic.IObjectWrapper,com.google.android.gms.dynamic.IObjectWrapper,com.google.android.gms.dynamic.IObjectWrapper)
com.google.android.gms.internal.ads.zzbmq
com.google.android.gms.internal.ads.zzbmr:
    public abstract android.os.IBinder zze(com.google.android.gms.dynamic.IObjectWrapper,com.google.android.gms.dynamic.IObjectWrapper,com.google.android.gms.dynamic.IObjectWrapper)
com.google.android.gms.internal.ads.zzbmw:
    public final com.google.android.gms.ads.internal.client.zzdk zze()
    public final com.google.android.gms.internal.ads.zzbmb zzf()
    public final com.google.android.gms.internal.ads.zzbme zzg(java.lang.String)
    public final java.lang.String zzj(java.lang.String)
    public final java.util.List zzk()
    public final void zzl()
    public final void zzm()
    public final void zzn(java.lang.String)
    public final void zzo()
    public final void zzp(com.google.android.gms.dynamic.IObjectWrapper)
    public final boolean zzq()
    public final boolean zzs()